<?xml version="1.0" encoding="UTF-8"?>
<testng-results skipped="0" failed="0" ignored="0" total="1" passed="1">
  <reporter-output>
  </reporter-output>
  <suite name="banking" duration-ms="13583" started-at="2020-12-25T21:10:47 IST" finished-at="2020-12-25T21:11:01 IST">
    <groups>
    </groups>
    <test name="bankingapp test" duration-ms="13583" started-at="2020-12-25T21:10:47 IST" finished-at="2020-12-25T21:11:01 IST">
      <class name="com.banking.testcases.TC_LoginTest_001">
        <test-method status="PASS" signature="setup(java.lang.String)[pri:0, instance:com.banking.testcases.TC_LoginTest_001@5c3bd550]" name="setup" is-config="true" duration-ms="10726" started-at="2020-12-25T21:10:48 IST" finished-at="2020-12-25T21:10:58 IST">
          <params>
            <param index="0">
              <value>
                <![CDATA[chrome]]>
              </value>
            </param>
          </params>
          <reporter-output>
          </reporter-output>
        </test-method> <!-- setup -->
        <test-method status="PASS" signature="loginTest()[pri:0, instance:com.banking.testcases.TC_LoginTest_001@5c3bd550]" name="loginTest" duration-ms="1960" started-at="2020-12-25T21:10:58 IST" finished-at="2020-12-25T21:11:00 IST">
          <reporter-output>
          </reporter-output>
        </test-method> <!-- loginTest -->
        <test-method status="PASS" signature="teardown()[pri:0, instance:com.banking.testcases.TC_LoginTest_001@5c3bd550]" name="teardown" is-config="true" duration-ms="641" started-at="2020-12-25T21:11:00 IST" finished-at="2020-12-25T21:11:01 IST">
          <reporter-output>
          </reporter-output>
        </test-method> <!-- teardown -->
      </class> <!-- com.banking.testcases.TC_LoginTest_001 -->
    </test> <!-- bankingapp test -->
  </suite> <!-- banking -->
</testng-results>
