<?xml version="1.0" encoding="UTF-8"?>
<testng-results skipped="0" failed="0" ignored="0" total="1" passed="1">
  <reporter-output>
  </reporter-output>
  <suite name="banking" duration-ms="25697" started-at="2020-12-25T03:15:30 IST" finished-at="2020-12-25T03:15:56 IST">
    <groups>
    </groups>
    <test name="bankingapp test" duration-ms="25697" started-at="2020-12-25T03:15:30 IST" finished-at="2020-12-25T03:15:56 IST">
      <class name="com.banking.testcases.TC_AddCustomerTest_003">
        <test-method status="PASS" signature="setup(java.lang.String)[pri:0, instance:com.banking.testcases.TC_AddCustomerTest_003@3712b94]" name="setup" is-config="true" duration-ms="7785" started-at="2020-12-25T03:15:30 IST" finished-at="2020-12-25T03:15:38 IST">
          <params>
            <param index="0">
              <value>
                <![CDATA[chrome]]>
              </value>
            </param>
          </params>
          <reporter-output>
          </reporter-output>
        </test-method> <!-- setup -->
        <test-method status="PASS" signature="addNewCustomer()[pri:0, instance:com.banking.testcases.TC_AddCustomerTest_003@3712b94]" name="addNewCustomer" duration-ms="16568" started-at="2020-12-25T03:15:38 IST" finished-at="2020-12-25T03:15:55 IST">
          <reporter-output>
          </reporter-output>
        </test-method> <!-- addNewCustomer -->
        <test-method status="PASS" signature="teardown()[pri:0, instance:com.banking.testcases.TC_AddCustomerTest_003@3712b94]" name="teardown" is-config="true" duration-ms="1114" started-at="2020-12-25T03:15:55 IST" finished-at="2020-12-25T03:15:56 IST">
          <reporter-output>
          </reporter-output>
        </test-method> <!-- teardown -->
      </class> <!-- com.banking.testcases.TC_AddCustomerTest_003 -->
    </test> <!-- bankingapp test -->
  </suite> <!-- banking -->
</testng-results>
